<?xml version="1.0" encoding="UTF-8"?>
<testng-results ignored="0" total="3" passed="3" failed="0" skipped="0">
  <reporter-output>
  </reporter-output>
  <suite started-at="2025-06-01T16:55:55 IST" name="Suite" finished-at="2025-06-01T16:56:27 IST" duration-ms="32002">
    <groups>
      <group name="smoketest">
        <method signature="loginhrm.Demo()[pri:0, instance:testng.loginhrm@60099951]" name="Demo" class="testng.loginhrm"/>
      </group> <!-- smoketest -->
    </groups>
    <test started-at="2025-06-01T16:55:55 IST" name="Test" finished-at="2025-06-01T16:56:27 IST" duration-ms="32002">
      <class name="testng.loginhrm">
        <test-method signature="Demo()[pri:0, instance:testng.loginhrm@60099951]" started-at="2025-06-01T16:55:55 IST" name="Demo" finished-at="2025-06-01T16:56:09 IST" duration-ms="14093" status="PASS">
          <reporter-output>
          </reporter-output>
        </test-method> <!-- Demo -->
        <test-method signature="Demo1()[pri:0, instance:testng.loginhrm@60099951]" started-at="2025-06-01T16:56:09 IST" name="Demo1" finished-at="2025-06-01T16:56:09 IST" duration-ms="4" status="PASS">
          <reporter-output>
          </reporter-output>
        </test-method> <!-- Demo1 -->
      </class> <!-- testng.loginhrm -->
      <class name="testng.leavetest">
        <test-method signature="Demo1()[pri:0, instance:testng.leavetest@740cae06]" started-at="2025-06-01T16:55:55 IST" name="Demo1" finished-at="2025-06-01T16:56:27 IST" duration-ms="31927" status="PASS">
          <reporter-output>
          </reporter-output>
        </test-method> <!-- Demo1 -->
      </class> <!-- testng.leavetest -->
    </test> <!-- Test -->
  </suite> <!-- Suite -->
</testng-results>
